Determining if the pthread_create exist failed with the following output:
Change Dir: /home/matt/CWRU/ros_ws/src/baxter-model-scan/packages/camera_calibration/build/CMakeFiles/CMakeTmp

Run Build Command:/usr/bin/make "cmTryCompileExec2711504351/fast"
/usr/bin/make -f CMakeFiles/cmTryCompileExec2711504351.dir/build.make CMakeFiles/cmTryCompileExec2711504351.dir/build
make[1]: Entering directory `/home/matt/CWRU/ros_ws/src/baxter-model-scan/packages/camera_calibration/build/CMakeFiles/CMakeTmp'
/usr/bin/cmake -E cmake_progress_report /home/matt/CWRU/ros_ws/src/baxter-model-scan/packages/camera_calibration/build/CMakeFiles/CMakeTmp/CMakeFiles 1
Building C object CMakeFiles/cmTryCompileExec2711504351.dir/CheckSymbolExists.c.o
/usr/bin/cc    -o CMakeFiles/cmTryCompileExec2711504351.dir/CheckSymbolExists.c.o   -c /home/matt/CWRU/ros_ws/src/baxter-model-scan/packages/camera_calibration/build/CMakeFiles/CMakeTmp/CheckSymbolExists.c
Linking C executable cmTryCompileExec2711504351
/usr/bin/cmake -E cmake_link_script CMakeFiles/cmTryCompileExec2711504351.dir/link.txt --verbose=1
/usr/bin/cc       CMakeFiles/cmTryCompileExec2711504351.dir/CheckSymbolExists.c.o  -o cmTryCompileExec2711504351 -rdynamic 
CMakeFiles/cmTryCompileExec2711504351.dir/CheckSymbolExists.c.o: In function `main':
CheckSymbolExists.c:(.text+0x16): undefined reference to `pthread_create'
collect2: error: ld returned 1 exit status
make[1]: *** [cmTryCompileExec2711504351] Error 1
make[1]: Leaving directory `/home/matt/CWRU/ros_ws/src/baxter-model-scan/packages/camera_calibration/build/CMakeFiles/CMakeTmp'
make: *** [cmTryCompileExec2711504351/fast] Error 2

File /home/matt/CWRU/ros_ws/src/baxter-model-scan/packages/camera_calibration/build/CMakeFiles/CMakeTmp/CheckSymbolExists.c:
/* */
#include <pthread.h>

int main(int argc, char** argv)
{
  (void)argv;
#ifndef pthread_create
  return ((int*)(&pthread_create))[argc];
#else
  (void)argc;
  return 0;
#endif
}

Determining if the function pthread_create exists in the pthreads failed with the following output:
Change Dir: /home/matt/CWRU/ros_ws/src/baxter-model-scan/packages/camera_calibration/build/CMakeFiles/CMakeTmp

Run Build Command:/usr/bin/make "cmTryCompileExec783727822/fast"
/usr/bin/make -f CMakeFiles/cmTryCompileExec783727822.dir/build.make CMakeFiles/cmTryCompileExec783727822.dir/build
make[1]: Entering directory `/home/matt/CWRU/ros_ws/src/baxter-model-scan/packages/camera_calibration/build/CMakeFiles/CMakeTmp'
/usr/bin/cmake -E cmake_progress_report /home/matt/CWRU/ros_ws/src/baxter-model-scan/packages/camera_calibration/build/CMakeFiles/CMakeTmp/CMakeFiles 1
Building C object CMakeFiles/cmTryCompileExec783727822.dir/CheckFunctionExists.c.o
/usr/bin/cc   -DCHECK_FUNCTION_EXISTS=pthread_create   -o CMakeFiles/cmTryCompileExec783727822.dir/CheckFunctionExists.c.o   -c /usr/share/cmake-2.8/Modules/CheckFunctionExists.c
Linking C executable cmTryCompileExec783727822
/usr/bin/cmake -E cmake_link_script CMakeFiles/cmTryCompileExec783727822.dir/link.txt --verbose=1
/usr/bin/cc   -DCHECK_FUNCTION_EXISTS=pthread_create    CMakeFiles/cmTryCompileExec783727822.dir/CheckFunctionExists.c.o  -o cmTryCompileExec783727822 -rdynamic -lpthreads 
/usr/bin/ld: cannot find -lpthreads
collect2: error: ld returned 1 exit status
make[1]: *** [cmTryCompileExec783727822] Error 1
make[1]: Leaving directory `/home/matt/CWRU/ros_ws/src/baxter-model-scan/packages/camera_calibration/build/CMakeFiles/CMakeTmp'
make: *** [cmTryCompileExec783727822/fast] Error 2


